<?xml version="1.0" encoding="UTF-8"?>
<testsuite name="Cucumber" time="18.279" tests="1" skipped="0" failures="0" errors="0">
<testcase classname="PDF Download and Content Validation" name="Validate downloaded PDF content" time="18.087">
<system-out><![CDATA[
Given user is on the PDF download page......................................passed
When user downloads the PDF file............................................passed
Then PDF file should be downloaded successfully.............................passed
And PDF content should contain expected data................................passed
]]></system-out>
</testcase>
</testsuite>
